{"C:\\Users\\adri3\\Desktop\\Proyectos\\fullstackopen-2026\\PRACTICE_FRONTEND\\src\\components\\Note.jsx": {"path":"C:\\Users\\adri3\\Desktop\\Proyectos\\fullstackopen-2026\\PRACTICE_FRONTEND\\src\\components\\Note.jsx","statementMap":{"0":{"start":{"line":1,"column":6},"end":{"line":12,"column":null}},"1":{"start":{"line":2,"column":16},"end":{"line":4,"column":null}},"2":{"start":{"line":6,"column":2},"end":{"line":10,"column":null}}},"fnMap":{"0":{"name":"(anonymous_0)","decl":{"start":{"line":1,"column":6},"end":{"line":1,"column":14}},"loc":{"start":{"line":1,"column":45},"end":{"line":12,"column":null}},"line":1}},"branchMap":{"0":{"loc":{"start":{"line":2,"column":16},"end":{"line":4,"column":null}},"type":"cond-expr","locations":[{"start":{"line":3,"column":6},"end":{"line":3,"column":null}},{"start":{"line":4,"column":6},"end":{"line":4,"column":null}}],"line":2}},"s":{"0":1,"1":2,"2":2},"f":{"0":2},"b":{"0":[2,0]},"meta":{"lastBranch":1,"lastFunction":1,"lastStatement":3,"seen":{"s:1:6:12:Infinity":0,"f:1:6:1:14":0,"s:2:16:4:Infinity":1,"b:3:6:3:Infinity:4:6:4:Infinity":0,"s:6:2:10:Infinity":2},"fnNames":{}}}
,"C:\\Users\\adri3\\Desktop\\Proyectos\\fullstackopen-2026\\PRACTICE_FRONTEND\\src\\components\\NoteForm.jsx": {"path":"C:\\Users\\adri3\\Desktop\\Proyectos\\fullstackopen-2026\\PRACTICE_FRONTEND\\src\\components\\NoteForm.jsx","statementMap":{"0":{"start":{"line":3,"column":6},"end":{"line":31,"column":null}},"1":{"start":{"line":4,"column":18},"end":{"line":4,"column":null}},"2":{"start":{"line":6,"column":8},"end":{"line":15,"column":null}},"3":{"start":{"line":7,"column":4},"end":{"line":7,"column":null}},"4":{"start":{"line":9,"column":4},"end":{"line":12,"column":null}},"5":{"start":{"line":14,"column":4},"end":{"line":14,"column":null}},"6":{"start":{"line":17,"column":2},"end":{"line":29,"column":null}},"7":{"start":{"line":24,"column":31},"end":{"line":24,"column":null}}},"fnMap":{"0":{"name":"(anonymous_0)","decl":{"start":{"line":3,"column":6},"end":{"line":3,"column":18}},"loc":{"start":{"line":3,"column":37},"end":{"line":31,"column":null}},"line":3},"1":{"name":"(anonymous_1)","decl":{"start":{"line":6,"column":8},"end":{"line":6,"column":19}},"loc":{"start":{"line":6,"column":29},"end":{"line":15,"column":null}},"line":6},"2":{"name":"(anonymous_2)","decl":{"start":{"line":24,"column":10},"end":{"line":24,"column":21}},"loc":{"start":{"line":24,"column":31},"end":{"line":24,"column":null}},"line":24}},"branchMap":{},"s":{"0":1,"1":19,"2":19,"3":1,"4":1,"5":1,"6":19,"7":17},"f":{"0":19,"1":1,"2":17},"b":{},"meta":{"lastBranch":0,"lastFunction":3,"lastStatement":8,"seen":{"s:3:6:31:Infinity":0,"f:3:6:3:18":0,"s:4:18:4:Infinity":1,"s:6:8:15:Infinity":2,"f:6:8:6:19":1,"s:7:4:7:Infinity":3,"s:9:4:12:Infinity":4,"s:14:4:14:Infinity":5,"s:17:2:29:Infinity":6,"f:24:10:24:21":2,"s:24:31:24:Infinity":7},"fnNames":{}}}
,"C:\\Users\\adri3\\Desktop\\Proyectos\\fullstackopen-2026\\PRACTICE_FRONTEND\\src\\components\\Togglable.jsx": {"path":"C:\\Users\\adri3\\Desktop\\Proyectos\\fullstackopen-2026\\PRACTICE_FRONTEND\\src\\components\\Togglable.jsx","statementMap":{"0":{"start":{"line":3,"column":6},"end":{"line":39,"column":null}},"1":{"start":{"line":4,"column":18},"end":{"line":4,"column":null}},"2":{"start":{"line":6,"column":26},"end":{"line":8,"column":null}},"3":{"start":{"line":10,"column":26},"end":{"line":12,"column":null}},"4":{"start":{"line":14,"column":8},"end":{"line":16,"column":null}},"5":{"start":{"line":15,"column":4},"end":{"line":15,"column":null}},"6":{"start":{"line":18,"column":2},"end":{"line":22,"column":null}},"7":{"start":{"line":19,"column":4},"end":{"line":21,"column":null}},"8":{"start":{"line":23,"column":2},"end":{"line":37,"column":null}}},"fnMap":{"0":{"name":"(anonymous_0)","decl":{"start":{"line":3,"column":18},"end":{"line":3,"column":30}},"loc":{"start":{"line":3,"column":45},"end":{"line":39,"column":1}},"line":3},"1":{"name":"(anonymous_1)","decl":{"start":{"line":14,"column":8},"end":{"line":14,"column":33}},"loc":{"start":{"line":14,"column":33},"end":{"line":16,"column":null}},"line":14},"2":{"name":"(anonymous_2)","decl":{"start":{"line":18,"column":22},"end":{"line":18,"column":33}},"loc":{"start":{"line":18,"column":33},"end":{"line":22,"column":3}},"line":18}},"branchMap":{"0":{"loc":{"start":{"line":7,"column":13},"end":{"line":7,"column":null}},"type":"cond-expr","locations":[{"start":{"line":7,"column":23},"end":{"line":7,"column":32}},{"start":{"line":7,"column":32},"end":{"line":7,"column":null}}],"line":7},"1":{"loc":{"start":{"line":11,"column":13},"end":{"line":11,"column":null}},"type":"cond-expr","locations":[{"start":{"line":11,"column":23},"end":{"line":11,"column":28}},{"start":{"line":11,"column":28},"end":{"line":11,"column":null}}],"line":11}},"s":{"0":1,"1":7,"2":7,"3":7,"4":7,"5":3,"6":7,"7":0,"8":7},"f":{"0":7,"1":3,"2":0},"b":{"0":[2,5],"1":[2,5]},"meta":{"lastBranch":2,"lastFunction":3,"lastStatement":9,"seen":{"s:3:6:39:Infinity":0,"f:3:18:3:30":0,"s:4:18:4:Infinity":1,"s:6:26:8:Infinity":2,"b:7:23:7:32:7:32:7:Infinity":0,"s:10:26:12:Infinity":3,"b:11:23:11:28:11:28:11:Infinity":1,"s:14:8:16:Infinity":4,"f:14:8:14:33":1,"s:15:4:15:Infinity":5,"s:18:2:22:Infinity":6,"f:18:22:18:33":2,"s:19:4:21:Infinity":7,"s:23:2:37:Infinity":8},"fnNames":{}}}
}
