<?xml version="1.0" encoding="UTF-8"?>
<coverage generated="1782843305802" clover="3.2.0">
  <project timestamp="1782843305802" name="All files">
    <metrics statements="20" coveredstatements="19" conditionals="6" coveredconditionals="5" methods="7" coveredmethods="6" elements="33" coveredelements="30" complexity="0" loc="20" ncloc="20" packages="1" files="3" classes="3"/>
    <file name="Note.jsx" path="C:\Users\adri3\Desktop\Proyectos\fullstackopen-2026\PRACTICE_FRONTEND\src\components\Note.jsx">
      <metrics statements="3" coveredstatements="3" conditionals="2" coveredconditionals="1" methods="1" coveredmethods="1"/>
      <line num="1" count="1" type="stmt"/>
      <line num="2" count="2" type="cond" truecount="1" falsecount="1"/>
      <line num="6" count="2" type="stmt"/>
    </file>
    <file name="NoteForm.jsx" path="C:\Users\adri3\Desktop\Proyectos\fullstackopen-2026\PRACTICE_FRONTEND\src\components\NoteForm.jsx">
      <metrics statements="8" coveredstatements="8" conditionals="0" coveredconditionals="0" methods="3" coveredmethods="3"/>
      <line num="3" count="1" type="stmt"/>
      <line num="4" count="19" type="stmt"/>
      <line num="6" count="19" type="stmt"/>
      <line num="7" count="1" type="stmt"/>
      <line num="9" count="1" type="stmt"/>
      <line num="14" count="1" type="stmt"/>
      <line num="17" count="19" type="stmt"/>
      <line num="24" count="17" type="stmt"/>
    </file>
    <file name="Togglable.jsx" path="C:\Users\adri3\Desktop\Proyectos\fullstackopen-2026\PRACTICE_FRONTEND\src\components\Togglable.jsx">
      <metrics statements="9" coveredstatements="8" conditionals="4" coveredconditionals="4" methods="3" coveredmethods="2"/>
      <line num="3" count="1" type="stmt"/>
      <line num="4" count="7" type="stmt"/>
      <line num="6" count="7" type="stmt"/>
      <line num="10" count="7" type="stmt"/>
      <line num="14" count="7" type="stmt"/>
      <line num="15" count="3" type="stmt"/>
      <line num="18" count="7" type="stmt"/>
      <line num="19" count="0" type="stmt"/>
      <line num="23" count="7" type="stmt"/>
    </file>
  </project>
</coverage>
